{"C:\\Users\\Noelia\\Documents\\proyectos laboratoria\\md-links\\src\\index.js": {"path":"C:\\Users\\Noelia\\Documents\\proyectos laboratoria\\md-links\\src\\index.js","statementMap":{"0":{"start":{"line":4,"column":13},"end":{"line":4,"column":28}},"1":{"start":{"line":5,"column":15},"end":{"line":5,"column":32}},"2":{"start":{"line":6,"column":11},"end":{"line":6,"column":24}},"3":{"start":{"line":7,"column":14},"end":{"line":7,"column":35}},"4":{"start":{"line":9,"column":0},"end":{"line":81,"column":2}},"5":{"start":{"line":10,"column":18},"end":{"line":79,"column":4}},"6":{"start":{"line":12,"column":4},"end":{"line":78,"column":7}},"7":{"start":{"line":13,"column":6},"end":{"line":16,"column":7}},"8":{"start":{"line":14,"column":8},"end":{"line":14,"column":51}},"9":{"start":{"line":15,"column":8},"end":{"line":15,"column":14}},"10":{"start":{"line":18,"column":18},"end":{"line":18,"column":45}},"11":{"start":{"line":19,"column":20},"end":{"line":19,"column":22}},"12":{"start":{"line":20,"column":21},"end":{"line":20,"column":25}},"13":{"start":{"line":22,"column":18},"end":{"line":22,"column":39}},"14":{"start":{"line":24,"column":6},"end":{"line":77,"column":8}},"15":{"start":{"line":25,"column":19},"end":{"line":25,"column":20}},"16":{"start":{"line":26,"column":8},"end":{"line":31,"column":11}},"17":{"start":{"line":27,"column":29},"end":{"line":27,"column":80}},"18":{"start":{"line":28,"column":10},"end":{"line":30,"column":11}},"19":{"start":{"line":29,"column":12},"end":{"line":29,"column":27}},"20":{"start":{"line":33,"column":8},"end":{"line":76,"column":9}},"21":{"start":{"line":34,"column":10},"end":{"line":65,"column":13}},"22":{"start":{"line":36,"column":12},"end":{"line":40,"column":13}},"23":{"start":{"line":37,"column":14},"end":{"line":37,"column":23}},"24":{"start":{"line":39,"column":14},"end":{"line":39,"column":23}},"25":{"start":{"line":42,"column":12},"end":{"line":49,"column":14}},"26":{"start":{"line":50,"column":12},"end":{"line":52,"column":13}},"27":{"start":{"line":51,"column":14},"end":{"line":51,"column":31}},"28":{"start":{"line":54,"column":12},"end":{"line":61,"column":14}},"29":{"start":{"line":62,"column":12},"end":{"line":64,"column":13}},"30":{"start":{"line":63,"column":14},"end":{"line":63,"column":31}},"31":{"start":{"line":67,"column":10},"end":{"line":72,"column":12}},"32":{"start":{"line":73,"column":10},"end":{"line":75,"column":11}},"33":{"start":{"line":74,"column":12},"end":{"line":74,"column":29}},"34":{"start":{"line":80,"column":2},"end":{"line":80,"column":17}},"35":{"start":{"line":87,"column":16},"end":{"line":87,"column":18}},"36":{"start":{"line":89,"column":19},"end":{"line":89,"column":40}},"37":{"start":{"line":91,"column":2},"end":{"line":96,"column":4}},"38":{"start":{"line":92,"column":4},"end":{"line":95,"column":7}},"39":{"start":{"line":98,"column":2},"end":{"line":98,"column":43}},"40":{"start":{"line":100,"column":2},"end":{"line":100,"column":15}}},"fnMap":{"0":{"name":"(anonymous_0)","decl":{"start":{"line":9,"column":18},"end":{"line":9,"column":19}},"loc":{"start":{"line":9,"column":46},"end":{"line":81,"column":1}},"line":9},"1":{"name":"(anonymous_1)","decl":{"start":{"line":10,"column":30},"end":{"line":10,"column":31}},"loc":{"start":{"line":10,"column":57},"end":{"line":79,"column":3}},"line":10},"2":{"name":"read","decl":{"start":{"line":12,"column":39},"end":{"line":12,"column":43}},"loc":{"start":{"line":12,"column":55},"end":{"line":78,"column":5}},"line":12},"3":{"name":"(anonymous_3)","decl":{"start":{"line":24,"column":20},"end":{"line":24,"column":21}},"loc":{"start":{"line":24,"column":30},"end":{"line":77,"column":7}},"line":24},"4":{"name":"(anonymous_4)","decl":{"start":{"line":26,"column":23},"end":{"line":26,"column":24}},"loc":{"start":{"line":26,"column":45},"end":{"line":31,"column":9}},"line":26},"5":{"name":"(anonymous_5)","decl":{"start":{"line":34,"column":32},"end":{"line":34,"column":33}},"loc":{"start":{"line":34,"column":46},"end":{"line":53,"column":11}},"line":34},"6":{"name":"(anonymous_6)","decl":{"start":{"line":53,"column":19},"end":{"line":53,"column":20}},"loc":{"start":{"line":53,"column":30},"end":{"line":65,"column":11}},"line":53},"7":{"name":"markdownLinkExtractor","decl":{"start":{"line":86,"column":9},"end":{"line":86,"column":30}},"loc":{"start":{"line":86,"column":41},"end":{"line":101,"column":1}},"line":86},"8":{"name":"(anonymous_8)","decl":{"start":{"line":91,"column":18},"end":{"line":91,"column":19}},"loc":{"start":{"line":91,"column":47},"end":{"line":96,"column":3}},"line":91}},"branchMap":{"0":{"loc":{"start":{"line":9,"column":34},"end":{"line":9,"column":44}},"type":"default-arg","locations":[{"start":{"line":9,"column":42},"end":{"line":9,"column":44}}],"line":9},"1":{"loc":{"start":{"line":13,"column":6},"end":{"line":16,"column":7}},"type":"if","locations":[{"start":{"line":13,"column":6},"end":{"line":16,"column":7}},{"start":{"line":13,"column":6},"end":{"line":16,"column":7}}],"line":13},"2":{"loc":{"start":{"line":28,"column":10},"end":{"line":30,"column":11}},"type":"if","locations":[{"start":{"line":28,"column":10},"end":{"line":30,"column":11}},{"start":{"line":28,"column":10},"end":{"line":30,"column":11}}],"line":28},"3":{"loc":{"start":{"line":33,"column":8},"end":{"line":76,"column":9}},"type":"if","locations":[{"start":{"line":33,"column":8},"end":{"line":76,"column":9}},{"start":{"line":33,"column":8},"end":{"line":76,"column":9}}],"line":33},"4":{"loc":{"start":{"line":33,"column":12},"end":{"line":33,"column":75}},"type":"binary-expr","locations":[{"start":{"line":33,"column":12},"end":{"line":33,"column":46}},{"start":{"line":33,"column":50},"end":{"line":33,"column":75}}],"line":33},"5":{"loc":{"start":{"line":36,"column":12},"end":{"line":40,"column":13}},"type":"if","locations":[{"start":{"line":36,"column":12},"end":{"line":40,"column":13}},{"start":{"line":36,"column":12},"end":{"line":40,"column":13}}],"line":36},"6":{"loc":{"start":{"line":50,"column":12},"end":{"line":52,"column":13}},"type":"if","locations":[{"start":{"line":50,"column":12},"end":{"line":52,"column":13}},{"start":{"line":50,"column":12},"end":{"line":52,"column":13}}],"line":50},"7":{"loc":{"start":{"line":62,"column":12},"end":{"line":64,"column":13}},"type":"if","locations":[{"start":{"line":62,"column":12},"end":{"line":64,"column":13}},{"start":{"line":62,"column":12},"end":{"line":64,"column":13}}],"line":62},"8":{"loc":{"start":{"line":73,"column":10},"end":{"line":75,"column":11}},"type":"if","locations":[{"start":{"line":73,"column":10},"end":{"line":75,"column":11}},{"start":{"line":73,"column":10},"end":{"line":75,"column":11}}],"line":73}},"s":{"0":1,"1":1,"2":1,"3":1,"4":1,"5":8,"6":8,"7":8,"8":0,"9":0,"10":8,"11":8,"12":8,"13":8,"14":8,"15":8,"16":8,"17":18,"18":18,"19":8,"20":8,"21":3,"22":2,"23":1,"24":1,"25":2,"26":2,"27":2,"28":1,"29":1,"30":1,"31":5,"32":5,"33":5,"34":8,"35":8,"36":8,"37":8,"38":8,"39":8,"40":8},"f":{"0":8,"1":8,"2":8,"3":8,"4":18,"5":2,"6":1,"7":8,"8":8},"b":{"0":[3],"1":[0,8],"2":[8,10],"3":[3,5],"4":[8,5],"5":[1,1],"6":[2,0],"7":[1,0],"8":[5,0]},"_coverageSchema":"332fd63041d2c1bcb487cc26dd0d5f7d97098a6c","hash":"3aef3fe12388962b028f71701f92acb526c4e951"}
}
