{"C:\\Users\\Noelia\\Documents\\proyectos laboratoria\\scl-2018-01-FE-markdown\\src\\index.js": {"path":"C:\\Users\\Noelia\\Documents\\proyectos laboratoria\\scl-2018-01-FE-markdown\\src\\index.js","statementMap":{"0":{"start":{"line":2,"column":15},"end":{"line":2,"column":32}},"1":{"start":{"line":3,"column":11},"end":{"line":3,"column":24}},"2":{"start":{"line":5,"column":0},"end":{"line":20,"column":1}},"3":{"start":{"line":6,"column":17},"end":{"line":17,"column":4}},"4":{"start":{"line":7,"column":4},"end":{"line":13,"column":6}},"5":{"start":{"line":19,"column":2},"end":{"line":19,"column":16}},"6":{"start":{"line":28,"column":16},"end":{"line":28,"column":18}},"7":{"start":{"line":30,"column":19},"end":{"line":30,"column":40}},"8":{"start":{"line":33,"column":35},"end":{"line":33,"column":286}},"9":{"start":{"line":35,"column":2},"end":{"line":35,"column":66}},"10":{"start":{"line":36,"column":2},"end":{"line":36,"column":63}},"11":{"start":{"line":37,"column":2},"end":{"line":37,"column":66}},"12":{"start":{"line":39,"column":2},"end":{"line":45,"column":4}},"13":{"start":{"line":40,"column":4},"end":{"line":44,"column":7}},"14":{"start":{"line":46,"column":2},"end":{"line":54,"column":4}},"15":{"start":{"line":48,"column":6},"end":{"line":48,"column":48}},"16":{"start":{"line":49,"column":6},"end":{"line":53,"column":9}},"17":{"start":{"line":55,"column":2},"end":{"line":55,"column":41}},"18":{"start":{"line":57,"column":2},"end":{"line":57,"column":15}}},"fnMap":{"0":{"name":"(anonymous_0)","decl":{"start":{"line":5,"column":18},"end":{"line":5,"column":19}},"loc":{"start":{"line":5,"column":41},"end":{"line":20,"column":1}},"line":5},"1":{"name":"(anonymous_1)","decl":{"start":{"line":6,"column":29},"end":{"line":6,"column":30}},"loc":{"start":{"line":6,"column":54},"end":{"line":17,"column":3}},"line":6},"2":{"name":"markdownLinkExtractor","decl":{"start":{"line":27,"column":9},"end":{"line":27,"column":30}},"loc":{"start":{"line":27,"column":41},"end":{"line":58,"column":1}},"line":27},"3":{"name":"(anonymous_3)","decl":{"start":{"line":39,"column":18},"end":{"line":39,"column":19}},"loc":{"start":{"line":39,"column":46},"end":{"line":45,"column":3}},"line":39},"4":{"name":"(anonymous_4)","decl":{"start":{"line":46,"column":19},"end":{"line":46,"column":20}},"loc":{"start":{"line":46,"column":47},"end":{"line":54,"column":3}},"line":46}},"branchMap":{},"s":{"0":1,"1":1,"2":1,"3":4,"4":4,"5":4,"6":0,"7":0,"8":0,"9":0,"10":0,"11":0,"12":0,"13":0,"14":0,"15":0,"16":0,"17":0,"18":0},"f":{"0":4,"1":4,"2":0,"3":0,"4":0},"b":{},"_coverageSchema":"332fd63041d2c1bcb487cc26dd0d5f7d97098a6c","hash":"607420a6d4e628f2e4325f966b2f8f82ff8a74f0"}
}
