TN:
SF:C:\Users\Noelia\Documents\proyectos laboratoria\scl-2018-01-FE-markdown\src\index.js
FN:9,(anonymous_0)
FN:10,(anonymous_1)
FN:12,read
FN:24,(anonymous_3)
FN:26,(anonymous_4)
FN:34,(anonymous_5)
FN:53,(anonymous_6)
FN:86,markdownLinkExtractor
FN:91,(anonymous_8)
FNF:9
FNH:2
FNDA:4,(anonymous_0)
FNDA:4,(anonymous_1)
FNDA:0,read
FNDA:0,(anonymous_3)
FNDA:0,(anonymous_4)
FNDA:0,(anonymous_5)
FNDA:0,(anonymous_6)
FNDA:0,markdownLinkExtractor
FNDA:0,(anonymous_8)
DA:4,1
DA:5,1
DA:6,1
DA:7,1
DA:9,1
DA:10,4
DA:12,4
DA:13,0
DA:14,0
DA:15,0
DA:18,0
DA:19,0
DA:20,0
DA:22,0
DA:24,0
DA:25,0
DA:26,0
DA:27,0
DA:28,0
DA:29,0
DA:33,0
DA:34,0
DA:36,0
DA:37,0
DA:39,0
DA:42,0
DA:50,0
DA:51,0
DA:54,0
DA:62,0
DA:63,0
DA:67,0
DA:73,0
DA:74,0
DA:80,4
DA:87,0
DA:89,0
DA:91,0
DA:92,0
DA:98,0
DA:100,0
LF:41
LH:8
BRDA:9,0,0,3
BRDA:13,1,0,0
BRDA:13,1,1,0
BRDA:28,2,0,0
BRDA:28,2,1,0
BRDA:33,3,0,0
BRDA:33,3,1,0
BRDA:33,4,0,0
BRDA:33,4,1,0
BRDA:36,5,0,0
BRDA:36,5,1,0
BRDA:50,6,0,0
BRDA:50,6,1,0
BRDA:62,7,0,0
BRDA:62,7,1,0
BRDA:73,8,0,0
BRDA:73,8,1,0
BRF:17
BRH:1
end_of_record
