TN:
SF:C:\Users\Noelia\Documents\proyectos laboratoria\scl-2018-01-FE-markdown\src\index.js
FN:5,(anonymous_0)
FN:6,(anonymous_1)
FN:27,markdownLinkExtractor
FN:39,(anonymous_3)
FN:46,(anonymous_4)
FNF:5
FNH:2
FNDA:4,(anonymous_0)
FNDA:4,(anonymous_1)
FNDA:0,markdownLinkExtractor
FNDA:0,(anonymous_3)
FNDA:0,(anonymous_4)
DA:2,1
DA:3,1
DA:5,1
DA:6,4
DA:7,4
DA:19,4
DA:28,0
DA:30,0
DA:33,0
DA:35,0
DA:36,0
DA:37,0
DA:39,0
DA:40,0
DA:46,0
DA:48,0
DA:49,0
DA:55,0
DA:57,0
LF:19
LH:6
BRF:0
BRH:0
end_of_record
